#
# There is insufficient memory for the Java Runtime Environment to continue.
# Native memory allocation (mmap) failed to map 134217728 bytes for G1 virtual space
# Possible reasons:
#   The system is out of physical RAM or swap space
#   The process is running with CompressedOops enabled, and the Java Heap may be blocking the growth of the native heap
# Possible solutions:
#   Reduce memory load on the system
#   Increase physical memory or swap space
#   Check if swap backing store is full
#   Decrease Java heap size (-Xmx/-Xms)
#   Decrease number of Java threads
#   Decrease Java thread stack sizes (-Xss)
#   Set larger code cache with -XX:ReservedCodeCacheSize=
#   JVM is running with Unscaled Compressed Oops mode in which the Java heap is
#     placed in the first 4GB address space. The Java Heap base address is the
#     maximum limit for the native heap growth. Please use -XX:HeapBaseMinAddress
#     to set the Java Heap base and to place the Java Heap above 4GB virtual address.
# This output file may be truncated or incomplete.
#
#  Out of Memory Error (./open/src/hotspot/os/windows/os_windows.cpp:3321), pid=14016, tid=9104
#
# JRE version:  (15.0.2+7) (build )
# Java VM: OpenJDK 64-Bit Server VM (15.0.2+7-27, mixed mode, sharing, tiered, compressed oops, g1 gc, windows-amd64)
# No core dump will be written. Minidumps are not enabled by default on client versions of Windows
#

---------------  S U M M A R Y ------------

Command Line: -Dfile.encoding=Cp1252 --module-path=C:\Users\adrii\OneDrive\Escritorio\Chango\JavaServer\src -XX:+ShowCodeDetailsInExceptionMessages -Djdk.module.main=ServidorDKJ ServidorDKJ/Code.main

Host: Intel(R) Core(TM) i5-8250U CPU @ 1.60GHz, 8 cores, 7G,  Windows 10 , 64 bit Build 19041 (10.0.19041.928)
Time: Thu Apr 22 15:15:37 2021 Hora estándar, América Central elapsed time: 0.041645 seconds (0d 0h 0m 0s)

---------------  T H R E A D  ---------------

Current thread (0x0000025e1634c940):  JavaThread "Unknown thread" [_thread_in_vm, id=9104, stack(0x000000627ab00000,0x000000627ac00000)]

Stack: [0x000000627ab00000,0x000000627ac00000]
Native frames: (J=compiled Java code, j=interpreted, Vv=VM code, C=native code)
V  [jvm.dll+0x62ae9a]
V  [jvm.dll+0x7817a9]
V  [jvm.dll+0x782f03]
V  [jvm.dll+0x783563]
V  [jvm.dll+0x216325]
V  [jvm.dll+0x6281d9]
V  [jvm.dll+0x61cf55]
V  [jvm.dll+0x2cffdd]
V  [jvm.dll+0x2cfe42]
V  [jvm.dll+0x2d5e1c]
V  [jvm.dll+0x32590a]
V  [jvm.dll+0x324fd4]
V  [jvm.dll+0x2a6f5a]
V  [jvm.dll+0x2a80f8]
V  [jvm.dll+0x75e241]
V  [jvm.dll+0x3341c4]
V  [jvm.dll+0x73e926]
V  [jvm.dll+0x3b7557]
V  [jvm.dll+0x3b8fe1]
C  [jli.dll+0x52fb]
C  [ucrtbase.dll+0x21bb2]
C  [KERNEL32.DLL+0x17034]
C  [ntdll.dll+0x52651]


---------------  P R O C E S S  ---------------

Threads class SMR info:
_java_thread_list=0x00007ff8dc544ff0, length=0, elements={
}

Java Threads: ( => current thread )

Other Threads:
  0x0000025e1638e770 GCTaskThread "GC Thread#0" [stack: 0x000000627ac00000,0x000000627ad00000] [id=5008]
  0x0000025e163a0d30 ConcurrentGCThread "G1 Main Marker" [stack: 0x000000627ad00000,0x000000627ae00000] [id=14648]
  0x0000025e163a2670 ConcurrentGCThread "G1 Conc#0" [stack: 0x000000627ae00000,0x000000627af00000] [id=8524]

[error occurred during error reporting (printing all threads), id 0xc0000005, EXCEPTION_ACCESS_VIOLATION (0xc0000005) at pc=0x00007ff8dbd37e27]

VM state: not at safepoint (not fully initialized)

VM Mutex/Monitor currently owned by a thread:  ([mutex/lock_event])
[0x0000025e16347ed0] Heap_lock - owner thread: 0x0000025e1634c940

Heap address: 0x0000000081e00000, size: 2018 MB, Compressed Oops mode: 32-bit
CDS archive(s) mapped at: [0x0000000000000000-0x0000000000000000-0x0000000000000000), size 0, SharedBaseAddress: 0x0000000800000000, ArchiveRelocationMode: 0.
Narrow klass base: 0x0000000000000000, Narrow klass shift: 0, Narrow klass range: 0x0

Heap:
 garbage-first heap   total 131072K, used 0K [0x0000000081e00000, 0x0000000100000000)
  region size 1024K, 0 young (0K), 0 survivors (0K)
 Metaspace       used 0K, capacity 0K, committed 0K, reserved 0K
  class space    used 0K, capacity 0K, committed 0K, reserved 0K

Heap Regions: E=young(eden), S=young(survivor), O=old, HS=humongous(starts), HC=humongous(continues), CS=collection set, F=free, OA=open archive, CA=closed archive, TAMS=top-at-mark-start (previous, next)

Card table byte_map: [0x0000025e294a0000,0x0000025e298a0000] _byte_map_base: 0x0000025e29091000

Marking Bits (Prev, Next): (CMBitMap*) 0x0000025e1638efe0, (CMBitMap*) 0x0000025e1638f020
 Prev Bits: [0x0000025e29ca0000, 0x0000025e2bc28000)
 Next Bits: [0x0000025e2bc30000, 0x0000025e2dbb8000)

GC Heap History (0 events):
No events

Deoptimization events (0 events):
No events

Classes unloaded (0 events):
No events

Classes redefined (0 events):
No events

Internal exceptions (0 events):
No events

Events (1 events):
Event: 0.026 Loaded shared library C:\Users\adrii\.p2\pool\plugins\org.eclipse.justj.openjdk.hotspot.jre.full.win32.x86_64_15.0.2.v20210201-0955\jre\bin\java.dll


Dynamic libraries:
0x00007ff6440b0000 - 0x00007ff6440bd000 	C:\Users\adrii\.p2\pool\plugins\org.eclipse.justj.openjdk.hotspot.jre.full.win32.x86_64_15.0.2.v20210201-0955\jre\bin\javaw.exe
0x00007ff925bf0000 - 0x00007ff925de5000 	C:\Windows\SYSTEM32\ntdll.dll
0x00007ff925880000 - 0x00007ff92593d000 	C:\Windows\System32\KERNEL32.DLL
0x00007ff923440000 - 0x00007ff923708000 	C:\Windows\System32\KERNELBASE.dll
0x00007ff9238a0000 - 0x00007ff9239a0000 	C:\Windows\System32\ucrtbase.dll
0x00007ff904dc0000 - 0x00007ff904dd8000 	C:\Users\adrii\.p2\pool\plugins\org.eclipse.justj.openjdk.hotspot.jre.full.win32.x86_64_15.0.2.v20210201-0955\jre\bin\jli.dll
0x00007ff904de0000 - 0x00007ff904df9000 	C:\Users\adrii\.p2\pool\plugins\org.eclipse.justj.openjdk.hotspot.jre.full.win32.x86_64_15.0.2.v20210201-0955\jre\bin\VCRUNTIME140.dll
0x00007ff924760000 - 0x00007ff924900000 	C:\Windows\System32\USER32.dll
0x00007ff923870000 - 0x00007ff923892000 	C:\Windows\System32\win32u.dll
0x00007ff90af20000 - 0x00007ff90b1ba000 	C:\Windows\WinSxS\amd64_microsoft.windows.common-controls_6595b64144ccf1df_6.0.19041.844_none_ca00b6081b84eb1d\COMCTL32.dll
0x00007ff925550000 - 0x00007ff92557a000 	C:\Windows\System32\GDI32.dll
0x00007ff923dd0000 - 0x00007ff923e6e000 	C:\Windows\System32\msvcrt.dll
0x00007ff923760000 - 0x00007ff92386b000 	C:\Windows\System32\gdi32full.dll
0x00007ff9239a0000 - 0x00007ff923a3d000 	C:\Windows\System32\msvcp_win.dll
0x00007ff923c70000 - 0x00007ff923ca0000 	C:\Windows\System32\IMM32.DLL
0x00007ff91e0a0000 - 0x00007ff91e0ac000 	C:\Users\adrii\.p2\pool\plugins\org.eclipse.justj.openjdk.hotspot.jre.full.win32.x86_64_15.0.2.v20210201-0955\jre\bin\vcruntime140_1.dll
0x00007ff8f27b0000 - 0x00007ff8f2841000 	C:\Users\adrii\.p2\pool\plugins\org.eclipse.justj.openjdk.hotspot.jre.full.win32.x86_64_15.0.2.v20210201-0955\jre\bin\msvcp140.dll
0x00007ff8dba80000 - 0x00007ff8dc5de000 	C:\Users\adrii\.p2\pool\plugins\org.eclipse.justj.openjdk.hotspot.jre.full.win32.x86_64_15.0.2.v20210201-0955\jre\bin\server\jvm.dll
0x00007ff923ca0000 - 0x00007ff923d4c000 	C:\Windows\System32\ADVAPI32.dll
0x00007ff924110000 - 0x00007ff9241ab000 	C:\Windows\System32\sechost.dll
0x00007ff925420000 - 0x00007ff92554b000 	C:\Windows\System32\RPCRT4.dll
0x00007ff925940000 - 0x00007ff925948000 	C:\Windows\System32\PSAPI.DLL
0x00007ff91d460000 - 0x00007ff91d46a000 	C:\Windows\SYSTEM32\VERSION.dll
0x00007ff9175d0000 - 0x00007ff9175f7000 	C:\Windows\SYSTEM32\WINMM.dll
0x00007ff91d0d0000 - 0x00007ff91d0d9000 	C:\Windows\SYSTEM32\WSOCK32.dll
0x00007ff9253b0000 - 0x00007ff92541b000 	C:\Windows\System32\WS2_32.dll
0x00007ff921c00000 - 0x00007ff921c12000 	C:\Windows\SYSTEM32\kernel.appcore.dll
0x00007ff91c470000 - 0x00007ff91c47a000 	C:\Users\adrii\.p2\pool\plugins\org.eclipse.justj.openjdk.hotspot.jre.full.win32.x86_64_15.0.2.v20210201-0955\jre\bin\jimage.dll
0x00007ff921010000 - 0x00007ff9211f4000 	C:\Windows\SYSTEM32\DBGHELP.DLL
0x00007ff910400000 - 0x00007ff91042c000 	C:\Windows\SYSTEM32\dbgcore.DLL
0x00007ff923a40000 - 0x00007ff923ac0000 	C:\Windows\System32\bcryptPrimitives.dll
0x00007ff9165a0000 - 0x00007ff9165c5000 	C:\Users\adrii\.p2\pool\plugins\org.eclipse.justj.openjdk.hotspot.jre.full.win32.x86_64_15.0.2.v20210201-0955\jre\bin\java.dll

dbghelp: loaded successfully - version: 4.0.5 - missing functions: none
symbol engine: initialized successfully - sym options: 0x614 - pdb path: .;C:\Users\adrii\.p2\pool\plugins\org.eclipse.justj.openjdk.hotspot.jre.full.win32.x86_64_15.0.2.v20210201-0955\jre\bin;C:\Windows\SYSTEM32;C:\Windows\WinSxS\amd64_microsoft.windows.common-controls_6595b64144ccf1df_6.0.19041.844_none_ca00b6081b84eb1d;C:\Users\adrii\.p2\pool\plugins\org.eclipse.justj.openjdk.hotspot.jre.full.win32.x86_64_15.0.2.v20210201-0955\jre\bin\server

VM Arguments:
jvm_args: -Dfile.encoding=Cp1252 --module-path=C:\Users\adrii\OneDrive\Escritorio\Chango\JavaServer\src -XX:+ShowCodeDetailsInExceptionMessages -Djdk.module.main=ServidorDKJ 
java_command: ServidorDKJ/Code.main
java_class_path (initial): <not set>
Launcher Type: SUN_STANDARD

[Global flags]
     intx CICompilerCount                          = 4                                         {product} {ergonomic}
     uint ConcGCThreads                            = 2                                         {product} {ergonomic}
     uint G1ConcRefinementThreads                  = 8                                         {product} {ergonomic}
   size_t G1HeapRegionSize                         = 1048576                                   {product} {ergonomic}
    uintx GCDrainStackTargetSize                   = 64                                        {product} {ergonomic}
   size_t InitialHeapSize                          = 134217728                                 {product} {ergonomic}
   size_t MarkStackSize                            = 4194304                                   {product} {ergonomic}
   size_t MaxHeapSize                              = 2116026368                                {product} {ergonomic}
   size_t MinHeapDeltaBytes                        = 1048576                                   {product} {ergonomic}
   size_t MinHeapSize                              = 8388608                                   {product} {ergonomic}
    uintx NonNMethodCodeHeapSize                   = 5839372                                {pd product} {ergonomic}
    uintx NonProfiledCodeHeapSize                  = 122909434                              {pd product} {ergonomic}
    uintx ProfiledCodeHeapSize                     = 122909434                              {pd product} {ergonomic}
    uintx ReservedCodeCacheSize                    = 251658240                              {pd product} {ergonomic}
     bool SegmentedCodeCache                       = true                                      {product} {ergonomic}
     bool ShowCodeDetailsInExceptionMessages       = true                                   {manageable} {command line}
   size_t SoftMaxHeapSize                          = 2116026368                             {manageable} {ergonomic}
     bool UseCompressedClassPointers               = true                                 {lp64_product} {ergonomic}
     bool UseCompressedOops                        = true                                 {lp64_product} {ergonomic}
     bool UseG1GC                                  = true                                      {product} {ergonomic}
     bool UseLargePagesIndividualAllocation        = false                                  {pd product} {ergonomic}

Logging:
Log output configuration:
 #0: stdout all=warning uptime,level,tags
 #1: stderr all=off uptime,level,tags

Environment Variables:
PATH=C:/Users/adrii/.p2/pool/plugins/org.eclipse.justj.openjdk.hotspot.jre.full.win32.x86_64_15.0.2.v20210201-0955/jre/bin/server;C:/Users/adrii/.p2/pool/plugins/org.eclipse.justj.openjdk.hotspot.jre.full.win32.x86_64_15.0.2.v20210201-0955/jre/bin;C:\Program Files (x86)\Common Files\Oracle\Java\javapath;C:\Windows\system32;C:\Windows;C:\Windows\System32\Wbem;C:\Windows\System32\WindowsPowerShell\v1.0\;C:\Windows\System32\OpenSSH\;C:\Program Files\nodejs\;C:\Program Files\Git\cmd;C:\Users\adrii\AppData\Local\Microsoft\WindowsApps;C:\Users\adrii\AppData\Local\Programs\Microsoft VS Code\bin;C:\Users\adrii\AppData\Roaming\npm;C:\Users\adrii\AppData\Local\gitkraken\bin;C:\Windows\System32;
USERNAME=adrii
OS=Windows_NT
PROCESSOR_IDENTIFIER=Intel64 Family 6 Model 142 Stepping 10, GenuineIntel



---------------  S Y S T E M  ---------------

OS:
 Windows 10 , 64 bit Build 19041 (10.0.19041.928)
OS uptime: 4 days 19:59 hours

CPU: total 8 (initial active 8) (4 cores per cpu, 2 threads per core) family 6 model 142 stepping 10 microcode 0xe0, cmov, cx8, fxsr, mmx, sse, sse2, sse3, ssse3, sse4.1, sse4.2, popcnt, vzeroupper, avx, avx2, aes, clmul, erms, 3dnowpref, lzcnt, ht, tsc, tscinvbit, bmi1, bmi2, adx, fma, clflush, clflushopt

Memory: 4k page, system-wide physical 8071M (842M free)
TotalPageFile size 11071M (AvailPageFile size 65M)
current process WorkingSet (physical memory assigned to process): 10M, peak: 10M
current process commit charge ("private bytes"): 60M, peak: 188M

vm_info: OpenJDK 64-Bit Server VM (15.0.2+7-27) for windows-amd64 JRE (15.0.2+7-27), built on Dec  7 2020 20:02:38 by "mach5one" with unknown MS VC++:1925

END.
